2022-03-11 15:31:48,345 INFO ||[StartupInfoLogger.java:55][logStarting] Starting PrvApplication on PC-ANDREA-COTTONE with PID 13736 (C:\Users\andre\PortoDiRavenna\trunk\BE\prvREST\target\classes started by andre in C:\Users\andre\PortoDiRavenna\trunk\BE\prvREST)
2022-03-11 15:31:48,366 DEBUG||[StartupInfoLogger.java:56][logStarting] Running with Spring Boot v2.3.4.RELEASE, Spring v5.2.7.RELEASE
2022-03-11 15:31:48,367 INFO ||[SpringApplication.java:651][logStartupProfileInfo] No active profile set, falling back to default profiles: default
2022-03-11 15:32:00,850 INFO ||[StartupInfoLogger.java:61][logStarted] Started PrvApplication in 13.05 seconds (JVM running for 14.627)
2022-03-11 15:32:00,921 INFO |MAIN|[PrvApplication.java:40][run] Application started args=
2022-03-11 15:32:00,965 DEBUG|MAIN|[PrvApplication.java:48][run] Application status: OK[200]
2022-03-11 15:36:58,506 DEBUG||[CORSFilter.java:39][doFilter] request=GET /users/a.cottone, resp=org.apache.catalina.connector.ResponseFacade@4bff11f7, accessControlAllowHeaders=null
2022-03-11 15:36:58,613 INFO |1647009418612_18|[UserController.java:150][getUserByUsernameOrEmail] Looking for user=a.cottone
2022-03-11 15:36:58,642 INFO |1647009418612_18|[UserService.java:421][findByUsernameOrEmail] user=User [id=58, companyId=1, firstName=Andrea, lastName=Cottone, username=a.cottone, password=$2a$10$rb3DixM5XxCORKBSKENle.SwHuG6CzDSeLQEE3zXWtre2vshB6rPq, email=a.cottone@rjcsoft.it, statusValue=ACTIVE, createdDate=2021-09-13 00:00:00.0, modifiedDate=2021-09-13 00:00:00.0, roleValue=ADMIN, contactPerson=false]
2022-03-11 15:36:58,642 INFO |1647009418612_18|[UserController.java:156][getUserByUsernameOrEmail] GET BY USERNAME OR EMAIL responseCode=200
2022-03-11 15:36:58,811 DEBUG||[CORSFilter.java:39][doFilter] request=OPTIONS /oauth/token, resp=org.apache.catalina.connector.ResponseFacade@4bff11f7, accessControlAllowHeaders=authorization
2022-03-11 15:36:58,811 DEBUG||[CORSFilter.java:42][doFilter] accessControlAllowHeaders IS NOT BLANK
2022-03-11 15:36:58,815 DEBUG||[CORSFilter.java:39][doFilter] request=POST /oauth/token, resp=org.apache.catalina.connector.ResponseFacade@4bff11f7, accessControlAllowHeaders=null
2022-03-11 15:36:59,135 INFO ||[UserService.java:172][loadUserByUsername] user=User [id=58, companyId=1, firstName=Andrea, lastName=Cottone, username=a.cottone, password=$2a$10$rb3DixM5XxCORKBSKENle.SwHuG6CzDSeLQEE3zXWtre2vshB6rPq, email=a.cottone@rjcsoft.it, statusValue=ACTIVE, createdDate=2021-09-13 00:00:00.0, modifiedDate=2021-09-13 00:00:00.0, roleValue=ADMIN, contactPerson=false]
2022-03-11 15:36:59,327 DEBUG||[CORSFilter.java:39][doFilter] request=OPTIONS /users/a.cottone, resp=org.apache.catalina.connector.ResponseFacade@4bff11f7, accessControlAllowHeaders=authorization
2022-03-11 15:36:59,328 DEBUG||[CORSFilter.java:42][doFilter] accessControlAllowHeaders IS NOT BLANK
2022-03-11 15:36:59,333 DEBUG||[CORSFilter.java:39][doFilter] request=OPTIONS /users/a.cottone, resp=org.apache.catalina.connector.ResponseFacade@5c3a41eb, accessControlAllowHeaders=authorization
2022-03-11 15:36:59,333 DEBUG||[CORSFilter.java:42][doFilter] accessControlAllowHeaders IS NOT BLANK
2022-03-11 15:36:59,335 DEBUG||[CORSFilter.java:39][doFilter] request=GET /users/a.cottone, resp=org.apache.catalina.connector.ResponseFacade@4bff11f7, accessControlAllowHeaders=null
2022-03-11 15:36:59,336 DEBUG||[CORSFilter.java:39][doFilter] request=GET /users/a.cottone, resp=org.apache.catalina.connector.ResponseFacade@5c3a41eb, accessControlAllowHeaders=null
2022-03-11 15:36:59,401 INFO |1647009419401_59|[UserController.java:150][getUserByUsernameOrEmail] Looking for user=a.cottone
2022-03-11 15:36:59,402 INFO |1647009419401_49|[UserController.java:150][getUserByUsernameOrEmail] Looking for user=a.cottone
2022-03-11 15:36:59,405 INFO |1647009419401_59|[UserService.java:421][findByUsernameOrEmail] user=User [id=58, companyId=1, firstName=Andrea, lastName=Cottone, username=a.cottone, password=$2a$10$rb3DixM5XxCORKBSKENle.SwHuG6CzDSeLQEE3zXWtre2vshB6rPq, email=a.cottone@rjcsoft.it, statusValue=ACTIVE, createdDate=2021-09-13 00:00:00.0, modifiedDate=2021-09-13 00:00:00.0, roleValue=ADMIN, contactPerson=false]
2022-03-11 15:36:59,405 INFO |1647009419401_59|[UserController.java:156][getUserByUsernameOrEmail] GET BY USERNAME OR EMAIL responseCode=200
2022-03-11 15:36:59,413 INFO |1647009419401_49|[UserService.java:421][findByUsernameOrEmail] user=User [id=58, companyId=1, firstName=Andrea, lastName=Cottone, username=a.cottone, password=$2a$10$rb3DixM5XxCORKBSKENle.SwHuG6CzDSeLQEE3zXWtre2vshB6rPq, email=a.cottone@rjcsoft.it, statusValue=ACTIVE, createdDate=2021-09-13 00:00:00.0, modifiedDate=2021-09-13 00:00:00.0, roleValue=ADMIN, contactPerson=false]
2022-03-11 15:36:59,414 INFO |1647009419401_49|[UserController.java:156][getUserByUsernameOrEmail] GET BY USERNAME OR EMAIL responseCode=200
2022-03-11 15:36:59,482 DEBUG||[CORSFilter.java:39][doFilter] request=OPTIONS /company/id/1, resp=org.apache.catalina.connector.ResponseFacade@5c3a41eb, accessControlAllowHeaders=authorization
2022-03-11 15:36:59,482 DEBUG||[CORSFilter.java:42][doFilter] accessControlAllowHeaders IS NOT BLANK
2022-03-11 15:36:59,499 DEBUG||[CORSFilter.java:39][doFilter] request=GET /company/id/1, resp=org.apache.catalina.connector.ResponseFacade@5c3a41eb, accessControlAllowHeaders=null
2022-03-11 15:36:59,516 INFO |1647009419516_10|[CompanyController.java:102][getCompany] Looking for company id=1, user=a.cottone
2022-03-11 15:36:59,530 INFO |1647009419516_10|[UserService.java:224][findByUsername] user=User [id=58, companyId=1, firstName=Andrea, lastName=Cottone, username=a.cottone, password=$2a$10$rb3DixM5XxCORKBSKENle.SwHuG6CzDSeLQEE3zXWtre2vshB6rPq, email=a.cottone@rjcsoft.it, statusValue=ACTIVE, createdDate=2021-09-13 00:00:00.0, modifiedDate=2021-09-13 00:00:00.0, roleValue=ADMIN, contactPerson=false]
2022-03-11 15:36:59,539 TRACE|1647009419516_10|[CompanyController.java:111][getCompany] user=User [id=58, companyId=1, firstName=Andrea, lastName=Cottone, username=a.cottone, password=$2a$10$rb3DixM5XxCORKBSKENle.SwHuG6CzDSeLQEE3zXWtre2vshB6rPq, email=a.cottone@rjcsoft.it, statusValue=ACTIVE, createdDate=2021-09-13 00:00:00.0, modifiedDate=2021-09-13 00:00:00.0, roleValue=ADMIN, contactPerson=false], isAdmin=true, userCompanyId=1, companyId=1
2022-03-11 15:36:59,560 INFO |1647009419516_10|[CompanyController.java:121][getCompany] getCompany responseCode=200
2022-03-11 15:37:19,370 DEBUG||[CORSFilter.java:39][doFilter] request=OPTIONS /users/listRoles, resp=org.apache.catalina.connector.ResponseFacade@5c3a41eb, accessControlAllowHeaders=authorization
2022-03-11 15:37:19,371 DEBUG||[CORSFilter.java:42][doFilter] accessControlAllowHeaders IS NOT BLANK
2022-03-11 15:37:19,374 DEBUG|1647009418612_18|[CORSFilter.java:39][doFilter] request=OPTIONS /users/listStatus, resp=org.apache.catalina.connector.ResponseFacade@4bff11f7, accessControlAllowHeaders=authorization
2022-03-11 15:37:19,374 DEBUG|1647009418612_18|[CORSFilter.java:42][doFilter] accessControlAllowHeaders IS NOT BLANK
2022-03-11 15:37:19,377 DEBUG||[CORSFilter.java:39][doFilter] request=GET /users/listRoles, resp=org.apache.catalina.connector.ResponseFacade@5c3a41eb, accessControlAllowHeaders=null
2022-03-11 15:37:19,382 DEBUG|1647009418612_18|[CORSFilter.java:39][doFilter] request=OPTIONS /company, resp=org.apache.catalina.connector.ResponseFacade@4bff11f7, accessControlAllowHeaders=authorization
2022-03-11 15:37:19,383 DEBUG|1647009418612_18|[CORSFilter.java:42][doFilter] accessControlAllowHeaders IS NOT BLANK
2022-03-11 15:37:19,383 DEBUG||[CORSFilter.java:39][doFilter] request=OPTIONS /users/a.cottone, resp=org.apache.catalina.connector.ResponseFacade@654f4b61, accessControlAllowHeaders=authorization
2022-03-11 15:37:19,383 DEBUG||[CORSFilter.java:42][doFilter] accessControlAllowHeaders IS NOT BLANK
2022-03-11 15:37:19,386 DEBUG||[CORSFilter.java:39][doFilter] request=GET /users/listStatus, resp=org.apache.catalina.connector.ResponseFacade@72a5cfaa, accessControlAllowHeaders=null
2022-03-11 15:37:19,387 DEBUG|1647009418612_18|[CORSFilter.java:39][doFilter] request=GET /company, resp=org.apache.catalina.connector.ResponseFacade@4bff11f7, accessControlAllowHeaders=null
2022-03-11 15:37:19,387 DEBUG||[CORSFilter.java:39][doFilter] request=GET /users/a.cottone, resp=org.apache.catalina.connector.ResponseFacade@654f4b61, accessControlAllowHeaders=null
2022-03-11 15:37:19,394 INFO |1647009439394_88|[CompanyController.java:53][listCompanies] orderByName=true
2022-03-11 15:37:19,397 INFO |1647009439397_11|[UserController.java:150][getUserByUsernameOrEmail] Looking for user=a.cottone
2022-03-11 15:37:19,403 INFO |1647009439397_11|[UserService.java:421][findByUsernameOrEmail] user=User [id=58, companyId=1, firstName=Andrea, lastName=Cottone, username=a.cottone, password=$2a$10$rb3DixM5XxCORKBSKENle.SwHuG6CzDSeLQEE3zXWtre2vshB6rPq, email=a.cottone@rjcsoft.it, statusValue=ACTIVE, createdDate=2021-09-13 00:00:00.0, modifiedDate=2021-09-13 00:00:00.0, roleValue=ADMIN, contactPerson=false]
2022-03-11 15:37:19,404 INFO |1647009439397_11|[UserController.java:156][getUserByUsernameOrEmail] GET BY USERNAME OR EMAIL responseCode=200
2022-03-11 15:37:19,408 INFO |1647009439394_88|[CompanyController.java:59][listCompanies] listCompanies responseCode=200
2022-03-11 15:37:19,589 DEBUG|1647009419401_49|[CORSFilter.java:39][doFilter] request=OPTIONS /company/id/1, resp=org.apache.catalina.connector.ResponseFacade@4bff11f7, accessControlAllowHeaders=authorization
2022-03-11 15:37:19,590 DEBUG|1647009419401_49|[CORSFilter.java:42][doFilter] accessControlAllowHeaders IS NOT BLANK
2022-03-11 15:37:19,592 DEBUG||[CORSFilter.java:39][doFilter] request=GET /company/id/1, resp=org.apache.catalina.connector.ResponseFacade@4bff11f7, accessControlAllowHeaders=null
2022-03-11 15:37:19,597 INFO |1647009439597_79|[CompanyController.java:102][getCompany] Looking for company id=1, user=a.cottone
2022-03-11 15:37:19,599 INFO |1647009439597_79|[UserService.java:224][findByUsername] user=User [id=58, companyId=1, firstName=Andrea, lastName=Cottone, username=a.cottone, password=$2a$10$rb3DixM5XxCORKBSKENle.SwHuG6CzDSeLQEE3zXWtre2vshB6rPq, email=a.cottone@rjcsoft.it, statusValue=ACTIVE, createdDate=2021-09-13 00:00:00.0, modifiedDate=2021-09-13 00:00:00.0, roleValue=ADMIN, contactPerson=false]
2022-03-11 15:37:19,599 TRACE|1647009439597_79|[CompanyController.java:111][getCompany] user=User [id=58, companyId=1, firstName=Andrea, lastName=Cottone, username=a.cottone, password=$2a$10$rb3DixM5XxCORKBSKENle.SwHuG6CzDSeLQEE3zXWtre2vshB6rPq, email=a.cottone@rjcsoft.it, statusValue=ACTIVE, createdDate=2021-09-13 00:00:00.0, modifiedDate=2021-09-13 00:00:00.0, roleValue=ADMIN, contactPerson=false], isAdmin=true, userCompanyId=1, companyId=1
2022-03-11 15:37:19,603 INFO |1647009439597_79|[CompanyController.java:121][getCompany] getCompany responseCode=200
